<?xml version="1.0" encoding="UTF-8"?>
<testsuite name="com.myeongmy.book.springboot.domain.posts.PostsRepositoryTest" tests="2" skipped="0" failures="0" errors="0" timestamp="2020-09-29T09:08:56" hostname="LAPTOP-17H7IF96" time="0.341">
  <properties/>
  <testcase name="게시글저장_불러오기" classname="com.myeongmy.book.springboot.domain.posts.PostsRepositoryTest" time="0.316"/>
  <testcase name="BaseTimeEntity_등록" classname="com.myeongmy.book.springboot.domain.posts.PostsRepositoryTest" time="0.024"/>
  <system-out><![CDATA[2020-09-29 18:08:50.678  INFO 23000 --- [    Test worker] .b.t.c.SpringBootTestContextBootstrapper : Neither @ContextConfiguration nor @ContextHierarchy found for test class [com.myeongmy.book.springboot.domain.posts.PostsRepositoryTest], using SpringBootContextLoader
2020-09-29 18:08:50.680  INFO 23000 --- [    Test worker] o.s.t.c.support.AbstractContextLoader    : Could not detect default resource locations for test class [com.myeongmy.book.springboot.domain.posts.PostsRepositoryTest]: no resource found for suffixes {-context.xml, Context.groovy}.
2020-09-29 18:08:50.680  INFO 23000 --- [    Test worker] t.c.s.AnnotationConfigContextLoaderUtils : Could not detect default configuration classes for test class [com.myeongmy.book.springboot.domain.posts.PostsRepositoryTest]: PostsRepositoryTest does not declare any static, non-private, non-final, nested classes annotated with @Configuration.
2020-09-29 18:08:50.720  INFO 23000 --- [    Test worker] .b.t.c.SpringBootTestContextBootstrapper : Found @SpringBootConfiguration com.myeongmy.book.springboot.Application for test class com.myeongmy.book.springboot.domain.posts.PostsRepositoryTest
2020-09-29 18:08:50.725  INFO 23000 --- [    Test worker] .b.t.c.SpringBootTestContextBootstrapper : Loaded default TestExecutionListener class names from location [META-INF/spring.factories]: [org.springframework.security.test.context.support.WithSecurityContextTestExecutionListener, org.springframework.security.test.context.support.ReactorContextTestExecutionListener, org.springframework.boot.test.autoconfigure.restdocs.RestDocsTestExecutionListener, org.springframework.boot.test.autoconfigure.web.client.MockRestServiceServerResetTestExecutionListener, org.springframework.boot.test.autoconfigure.web.servlet.MockMvcPrintOnlyOnFailureTestExecutionListener, org.springframework.boot.test.autoconfigure.web.servlet.WebDriverTestExecutionListener, org.springframework.boot.test.mock.mockito.MockitoTestExecutionListener, org.springframework.boot.test.mock.mockito.ResetMocksTestExecutionListener, org.springframework.test.context.web.ServletTestExecutionListener, org.springframework.test.context.support.DirtiesContextBeforeModesTestExecutionListener, org.springframework.test.context.support.DependencyInjectionTestExecutionListener, org.springframework.test.context.support.DirtiesContextTestExecutionListener, org.springframework.test.context.transaction.TransactionalTestExecutionListener, org.springframework.test.context.jdbc.SqlScriptsTestExecutionListener]
2020-09-29 18:08:50.728  INFO 23000 --- [    Test worker] .b.t.c.SpringBootTestContextBootstrapper : Using TestExecutionListeners: [org.springframework.test.context.web.ServletTestExecutionListener@5a8c3969, org.springframework.test.context.support.DirtiesContextBeforeModesTestExecutionListener@70847d48, org.springframework.boot.test.mock.mockito.MockitoTestExecutionListener@2b687554, org.springframework.boot.test.autoconfigure.SpringBootDependencyInjectionTestExecutionListener@6e9ad4ff, org.springframework.test.context.support.DirtiesContextTestExecutionListener@55e6ff34, org.springframework.test.context.transaction.TransactionalTestExecutionListener@65bb6fd, org.springframework.test.context.jdbc.SqlScriptsTestExecutionListener@6ef1a1b7, org.springframework.security.test.context.support.WithSecurityContextTestExecutionListener@56f4bdba, org.springframework.security.test.context.support.ReactorContextTestExecutionListener@3409f70f, org.springframework.boot.test.autoconfigure.restdocs.RestDocsTestExecutionListener@6f3e532d, org.springframework.boot.test.autoconfigure.web.client.MockRestServiceServerResetTestExecutionListener@c21bb64, org.springframework.boot.test.autoconfigure.web.servlet.MockMvcPrintOnlyOnFailureTestExecutionListener@7fcbde37, org.springframework.boot.test.autoconfigure.web.servlet.WebDriverTestExecutionListener@481ef4e, org.springframework.boot.test.mock.mockito.ResetMocksTestExecutionListener@19bb63c8]

  .   ____          _            __ _ _
 /\\ / ___'_ __ _ _(_)_ __  __ _ \ \ \ \
( ( )\___ | '_ | '_| | '_ \/ _` | \ \ \ \
 \\/  ___)| |_)| | | | | || (_| |  ) ) ) )
  '  |____| .__|_| |_|_| |_\__, | / / / /
 =========|_|==============|___/=/_/_/_/
 :: Spring Boot ::        (v2.1.7.RELEASE)

2020-09-29 18:08:50.846  INFO 23000 --- [    Test worker] c.m.b.s.d.posts.PostsRepositoryTest      : Starting PostsRepositoryTest on LAPTOP-17H7IF96 with PID 23000 (started by kp606 in C:\Users\kp606\IdeaProjects\springboot2-webservice)
2020-09-29 18:08:50.851  INFO 23000 --- [    Test worker] c.m.b.s.d.posts.PostsRepositoryTest      : No active profile set, falling back to default profiles: default
2020-09-29 18:08:51.688  INFO 23000 --- [    Test worker] .s.d.r.c.RepositoryConfigurationDelegate : Bootstrapping Spring Data repositories in DEFAULT mode.
2020-09-29 18:08:51.787  INFO 23000 --- [    Test worker] .s.d.r.c.RepositoryConfigurationDelegate : Finished Spring Data repository scanning in 99ms. Found 2 repository interfaces.
2020-09-29 18:08:52.093  INFO 23000 --- [    Test worker] trationDelegate$BeanPostProcessorChecker : Bean 'org.springframework.transaction.annotation.ProxyTransactionManagementConfiguration' of type [org.springframework.transaction.annotation.ProxyTransactionManagementConfiguration$$EnhancerBySpringCGLIB$$76f0724c] is not eligible for getting processed by all BeanPostProcessors (for example: not eligible for auto-proxying)
2020-09-29 18:08:52.334  INFO 23000 --- [    Test worker] com.zaxxer.hikari.HikariDataSource       : HikariPool-2 - Starting...
2020-09-29 18:08:52.345  INFO 23000 --- [    Test worker] com.zaxxer.hikari.HikariDataSource       : HikariPool-2 - Start completed.
2020-09-29 18:08:52.479  INFO 23000 --- [    Test worker] o.hibernate.jpa.internal.util.LogHelper  : HHH000204: Processing PersistenceUnitInfo [
	name: default
	...]
2020-09-29 18:08:52.529  INFO 23000 --- [    Test worker] org.hibernate.dialect.Dialect            : HHH000400: Using dialect: org.hibernate.dialect.MySQL5InnoDBDialect
Hibernate: drop table if exists posts
Hibernate: drop table if exists user
Hibernate: create table posts (id bigint not null auto_increment, created_time datetime, modified_time datetime, author varchar(255), content TEXT not null, title varchar(255), primary key (id)) engine=InnoDB
Hibernate: create table user (id bigint not null auto_increment, created_time datetime, modified_time datetime, email varchar(255) not null, name varchar(255) not null, picture varchar(255), role varchar(255) not null, primary key (id)) engine=InnoDB
2020-09-29 18:08:52.707  INFO 23000 --- [    Test worker] o.h.t.schema.internal.SchemaCreatorImpl  : HHH000476: Executing import script 'org.hibernate.tool.schema.internal.exec.ScriptSourceInputNonExistentImpl@1cf69b2f'
2020-09-29 18:08:52.707  INFO 23000 --- [    Test worker] j.LocalContainerEntityManagerFactoryBean : Initialized JPA EntityManagerFactory for persistence unit 'default'
2020-09-29 18:08:53.351  INFO 23000 --- [    Test worker] o.h.h.i.QueryTranslatorFactoryInitiator  : HHH000397: Using ASTQueryTranslatorFactory
2020-09-29 18:08:53.841  INFO 23000 --- [    Test worker] o.s.s.web.DefaultSecurityFilterChain     : Creating filter chain: any request, [org.springframework.security.web.context.request.async.WebAsyncManagerIntegrationFilter@2afc33d8, org.springframework.security.web.context.SecurityContextPersistenceFilter@351fc7b0, org.springframework.security.web.header.HeaderWriterFilter@46fc54a6, org.springframework.security.web.authentication.logout.LogoutFilter@7419d032, org.springframework.security.oauth2.client.web.OAuth2AuthorizationRequestRedirectFilter@607188ab, org.springframework.security.oauth2.client.web.OAuth2LoginAuthenticationFilter@340c6060, org.springframework.security.web.authentication.ui.DefaultLoginPageGeneratingFilter@3ff0a23b, org.springframework.security.web.authentication.ui.DefaultLogoutPageGeneratingFilter@6e244c67, org.springframework.security.web.savedrequest.RequestCacheAwareFilter@185d9cb8, org.springframework.security.web.servletapi.SecurityContextHolderAwareRequestFilter@3ca0a271, org.springframework.security.web.authentication.AnonymousAuthenticationFilter@27cb5d8, org.springframework.security.web.session.SessionManagementFilter@3ff7949a, org.springframework.security.web.access.ExceptionTranslationFilter@72bbfa99, org.springframework.security.web.access.intercept.FilterSecurityInterceptor@26ac4616]
2020-09-29 18:08:54.827  INFO 23000 --- [    Test worker] o.s.s.concurrent.ThreadPoolTaskExecutor  : Initializing ExecutorService 'applicationTaskExecutor'
2020-09-29 18:08:54.865  WARN 23000 --- [    Test worker] aWebConfiguration$JpaWebMvcConfiguration : spring.jpa.open-in-view is enabled by default. Therefore, database queries may be performed during view rendering. Explicitly configure spring.jpa.open-in-view to disable this warning
2020-09-29 18:08:54.971  INFO 23000 --- [    Test worker] o.s.b.a.w.s.WelcomePageHandlerMapping    : Adding welcome page template: index
2020-09-29 18:08:56.270  INFO 23000 --- [    Test worker] s.a.ScheduledAnnotationBeanPostProcessor : No TaskScheduler/ScheduledExecutorService bean found for scheduled processing
2020-09-29 18:08:56.272  INFO 23000 --- [    Test worker] c.m.b.s.d.posts.PostsRepositoryTest      : Started PostsRepositoryTest in 5.524 seconds (JVM running for 37.108)
Hibernate: insert into posts (created_time, modified_time, author, content, title) values (?, ?, ?, ?, ?)
Hibernate: select posts0_.id as id1_0_, posts0_.created_time as created_2_0_, posts0_.modified_time as modified3_0_, posts0_.author as author4_0_, posts0_.content as content5_0_, posts0_.title as title6_0_ from posts posts0_
Hibernate: select posts0_.id as id1_0_, posts0_.created_time as created_2_0_, posts0_.modified_time as modified3_0_, posts0_.author as author4_0_, posts0_.content as content5_0_, posts0_.title as title6_0_ from posts posts0_
Hibernate: delete from posts where id=?
Hibernate: insert into posts (created_time, modified_time, author, content, title) values (?, ?, ?, ?, ?)
Hibernate: select posts0_.id as id1_0_, posts0_.created_time as created_2_0_, posts0_.modified_time as modified3_0_, posts0_.author as author4_0_, posts0_.content as content5_0_, posts0_.title as title6_0_ from posts posts0_
>>>>>>> createdDate=2020-09-29T18:08:56.633, modifiedDate=2020-09-29T18:08:56.633
Hibernate: select posts0_.id as id1_0_, posts0_.created_time as created_2_0_, posts0_.modified_time as modified3_0_, posts0_.author as author4_0_, posts0_.content as content5_0_, posts0_.title as title6_0_ from posts posts0_
Hibernate: delete from posts where id=?
]]></system-out>
  <system-err><![CDATA[]]></system-err>
</testsuite>
