<?xml version="1.0" encoding="UTF-8"?>
<testsuite name="com.myeongmy.book.springboot.web.dto.HelloResponseDtoTest" tests="1" skipped="0" failures="0" errors="0" timestamp="2020-09-28T13:52:36" hostname="LAPTOP-17H7IF96" time="0.005">
  <properties/>
  <testcase name="롬복_기능_테스트" classname="com.myeongmy.book.springboot.web.dto.HelloResponseDtoTest" time="0.005"/>
  <system-out><![CDATA[]]></system-out>
  <system-err><![CDATA[]]></system-err>
</testsuite>
