<?xml version="1.0" encoding="UTF-8"?>
<testsuite name="com.myeongmy.book.springboot.web.HelloControllerTest" tests="2" skipped="0" failures="0" errors="0" timestamp="2020-09-29T09:08:59" hostname="LAPTOP-17H7IF96" time="0.425">
  <properties/>
  <testcase name="hello가_리턴된다" classname="com.myeongmy.book.springboot.web.HelloControllerTest" time="0.108"/>
  <testcase name="helloDto가_리턴된다" classname="com.myeongmy.book.springboot.web.HelloControllerTest" time="0.316"/>
  <system-out><![CDATA[2020-09-29 18:08:56.716  INFO 23000 --- [    Test worker] .b.t.a.w.s.WebMvcTestContextBootstrapper : Neither @ContextConfiguration nor @ContextHierarchy found for test class [com.myeongmy.book.springboot.web.HelloControllerTest], using SpringBootContextLoader
2020-09-29 18:08:56.720  INFO 23000 --- [    Test worker] o.s.t.c.support.AbstractContextLoader    : Could not detect default resource locations for test class [com.myeongmy.book.springboot.web.HelloControllerTest]: no resource found for suffixes {-context.xml, Context.groovy}.
2020-09-29 18:08:56.721  INFO 23000 --- [    Test worker] t.c.s.AnnotationConfigContextLoaderUtils : Could not detect default configuration classes for test class [com.myeongmy.book.springboot.web.HelloControllerTest]: HelloControllerTest does not declare any static, non-private, non-final, nested classes annotated with @Configuration.
2020-09-29 18:08:56.778  INFO 23000 --- [    Test worker] .b.t.c.SpringBootTestContextBootstrapper : Found @SpringBootConfiguration com.myeongmy.book.springboot.Application for test class com.myeongmy.book.springboot.web.HelloControllerTest
2020-09-29 18:08:56.780  INFO 23000 --- [    Test worker] .b.t.a.w.s.WebMvcTestContextBootstrapper : Loaded default TestExecutionListener class names from location [META-INF/spring.factories]: [org.springframework.security.test.context.support.WithSecurityContextTestExecutionListener, org.springframework.security.test.context.support.ReactorContextTestExecutionListener, org.springframework.boot.test.autoconfigure.restdocs.RestDocsTestExecutionListener, org.springframework.boot.test.autoconfigure.web.client.MockRestServiceServerResetTestExecutionListener, org.springframework.boot.test.autoconfigure.web.servlet.MockMvcPrintOnlyOnFailureTestExecutionListener, org.springframework.boot.test.autoconfigure.web.servlet.WebDriverTestExecutionListener, org.springframework.boot.test.mock.mockito.MockitoTestExecutionListener, org.springframework.boot.test.mock.mockito.ResetMocksTestExecutionListener, org.springframework.test.context.web.ServletTestExecutionListener, org.springframework.test.context.support.DirtiesContextBeforeModesTestExecutionListener, org.springframework.test.context.support.DependencyInjectionTestExecutionListener, org.springframework.test.context.support.DirtiesContextTestExecutionListener, org.springframework.test.context.transaction.TransactionalTestExecutionListener, org.springframework.test.context.jdbc.SqlScriptsTestExecutionListener]
2020-09-29 18:08:56.784  INFO 23000 --- [    Test worker] .b.t.a.w.s.WebMvcTestContextBootstrapper : Using TestExecutionListeners: [org.springframework.test.context.web.ServletTestExecutionListener@6d845559, org.springframework.test.context.support.DirtiesContextBeforeModesTestExecutionListener@6b1ef151, org.springframework.boot.test.mock.mockito.MockitoTestExecutionListener@5dfe5f13, org.springframework.boot.test.autoconfigure.SpringBootDependencyInjectionTestExecutionListener@e2504cd, org.springframework.test.context.support.DirtiesContextTestExecutionListener@4144b6cd, org.springframework.test.context.transaction.TransactionalTestExecutionListener@5dcc53cd, org.springframework.test.context.jdbc.SqlScriptsTestExecutionListener@72e599a0, org.springframework.security.test.context.support.WithSecurityContextTestExecutionListener@54c0f85d, org.springframework.security.test.context.support.ReactorContextTestExecutionListener@3056ded6, org.springframework.boot.test.autoconfigure.restdocs.RestDocsTestExecutionListener@f3bb12a, org.springframework.boot.test.autoconfigure.web.client.MockRestServiceServerResetTestExecutionListener@514d01f4, org.springframework.boot.test.autoconfigure.web.servlet.MockMvcPrintOnlyOnFailureTestExecutionListener@21c1990, org.springframework.boot.test.autoconfigure.web.servlet.WebDriverTestExecutionListener@43ad76b, org.springframework.boot.test.mock.mockito.ResetMocksTestExecutionListener@565a9427]

  .   ____          _            __ _ _
 /\\ / ___'_ __ _ _(_)_ __  __ _ \ \ \ \
( ( )\___ | '_ | '_| | '_ \/ _` | \ \ \ \
 \\/  ___)| |_)| | | | | || (_| |  ) ) ) )
  '  |____| .__|_| |_|_| |_\__, | / / / /
 =========|_|==============|___/=/_/_/_/
 :: Spring Boot ::        (v2.1.7.RELEASE)

2020-09-29 18:08:56.889  INFO 23000 --- [    Test worker] c.m.b.s.web.HelloControllerTest          : Starting HelloControllerTest on LAPTOP-17H7IF96 with PID 23000 (started by kp606 in C:\Users\kp606\IdeaProjects\springboot2-webservice)
2020-09-29 18:08:56.890  INFO 23000 --- [    Test worker] c.m.b.s.web.HelloControllerTest          : No active profile set, falling back to default profiles: default
2020-09-29 18:08:58.392  INFO 23000 --- [    Test worker] o.s.s.concurrent.ThreadPoolTaskExecutor  : Initializing ExecutorService 'applicationTaskExecutor'
2020-09-29 18:08:58.493  INFO 23000 --- [    Test worker] o.s.b.a.w.s.WelcomePageHandlerMapping    : Adding welcome page template: index
2020-09-29 18:08:59.065  INFO 23000 --- [    Test worker] .s.s.UserDetailsServiceAutoConfiguration : 

Using generated security password: 7eb7f2e3-c86d-42a1-bd59-8b626e455f67

2020-09-29 18:08:59.606  INFO 23000 --- [    Test worker] o.s.s.web.DefaultSecurityFilterChain     : Creating filter chain: any request, [org.springframework.security.web.context.request.async.WebAsyncManagerIntegrationFilter@7a896b74, org.springframework.security.web.context.SecurityContextPersistenceFilter@79b2cf33, org.springframework.security.web.header.HeaderWriterFilter@69c93ad1, org.springframework.security.web.csrf.CsrfFilter@33f5a6e5, org.springframework.security.web.authentication.logout.LogoutFilter@15ff24b9, org.springframework.security.web.authentication.UsernamePasswordAuthenticationFilter@3a5c875, org.springframework.security.web.authentication.ui.DefaultLoginPageGeneratingFilter@278935ef, org.springframework.security.web.authentication.ui.DefaultLogoutPageGeneratingFilter@748e9ad8, org.springframework.security.web.authentication.www.BasicAuthenticationFilter@efe35e9, org.springframework.security.web.savedrequest.RequestCacheAwareFilter@5b23366b, org.springframework.security.web.servletapi.SecurityContextHolderAwareRequestFilter@7b9c806c, org.springframework.security.web.authentication.AnonymousAuthenticationFilter@b20b8dd, org.springframework.security.web.session.SessionManagementFilter@77956b83, org.springframework.security.web.access.ExceptionTranslationFilter@56de9dab, org.springframework.security.web.access.intercept.FilterSecurityInterceptor@42bef7eb]
2020-09-29 18:08:59.678  INFO 23000 --- [    Test worker] o.s.b.t.m.w.SpringBootMockServletContext : Initializing Spring TestDispatcherServlet ''
2020-09-29 18:08:59.678  INFO 23000 --- [    Test worker] o.s.t.web.servlet.TestDispatcherServlet  : Initializing Servlet ''
2020-09-29 18:08:59.721  INFO 23000 --- [    Test worker] o.s.t.web.servlet.TestDispatcherServlet  : Completed initialization in 43 ms
2020-09-29 18:08:59.876  INFO 23000 --- [    Test worker] c.m.b.s.web.HelloControllerTest          : Started HelloControllerTest in 3.087 seconds (JVM running for 40.712)
]]></system-out>
  <system-err><![CDATA[]]></system-err>
</testsuite>
