<?xml version="1.0" encoding="UTF-8"?>
<testsuite name="com.myeongmy.book.springboot.web.HelloControllerTest" tests="2" skipped="0" failures="0" errors="0" timestamp="2020-09-28T13:52:39" hostname="LAPTOP-17H7IF96" time="0.416">
  <properties/>
  <testcase name="hello가_리턴된다" classname="com.myeongmy.book.springboot.web.HelloControllerTest" time="0.175"/>
  <testcase name="helloDto가_리턴된다" classname="com.myeongmy.book.springboot.web.HelloControllerTest" time="0.241"/>
  <system-out><![CDATA[2020-09-28 22:52:36.555  INFO 14448 --- [    Test worker] .b.t.a.w.s.WebMvcTestContextBootstrapper : Neither @ContextConfiguration nor @ContextHierarchy found for test class [com.myeongmy.book.springboot.web.HelloControllerTest], using SpringBootContextLoader
2020-09-28 22:52:36.556  INFO 14448 --- [    Test worker] o.s.t.c.support.AbstractContextLoader    : Could not detect default resource locations for test class [com.myeongmy.book.springboot.web.HelloControllerTest]: no resource found for suffixes {-context.xml, Context.groovy}.
2020-09-28 22:52:36.556  INFO 14448 --- [    Test worker] t.c.s.AnnotationConfigContextLoaderUtils : Could not detect default configuration classes for test class [com.myeongmy.book.springboot.web.HelloControllerTest]: HelloControllerTest does not declare any static, non-private, non-final, nested classes annotated with @Configuration.
2020-09-28 22:52:36.616  INFO 14448 --- [    Test worker] .b.t.c.SpringBootTestContextBootstrapper : Found @SpringBootConfiguration com.myeongmy.book.springboot.Application for test class com.myeongmy.book.springboot.web.HelloControllerTest
2020-09-28 22:52:36.618  INFO 14448 --- [    Test worker] .b.t.a.w.s.WebMvcTestContextBootstrapper : Loaded default TestExecutionListener class names from location [META-INF/spring.factories]: [org.springframework.security.test.context.support.WithSecurityContextTestExecutionListener, org.springframework.security.test.context.support.ReactorContextTestExecutionListener, org.springframework.boot.test.autoconfigure.restdocs.RestDocsTestExecutionListener, org.springframework.boot.test.autoconfigure.web.client.MockRestServiceServerResetTestExecutionListener, org.springframework.boot.test.autoconfigure.web.servlet.MockMvcPrintOnlyOnFailureTestExecutionListener, org.springframework.boot.test.autoconfigure.web.servlet.WebDriverTestExecutionListener, org.springframework.boot.test.mock.mockito.MockitoTestExecutionListener, org.springframework.boot.test.mock.mockito.ResetMocksTestExecutionListener, org.springframework.test.context.web.ServletTestExecutionListener, org.springframework.test.context.support.DirtiesContextBeforeModesTestExecutionListener, org.springframework.test.context.support.DependencyInjectionTestExecutionListener, org.springframework.test.context.support.DirtiesContextTestExecutionListener, org.springframework.test.context.transaction.TransactionalTestExecutionListener, org.springframework.test.context.jdbc.SqlScriptsTestExecutionListener]
2020-09-28 22:52:36.623  INFO 14448 --- [    Test worker] .b.t.a.w.s.WebMvcTestContextBootstrapper : Using TestExecutionListeners: [org.springframework.test.context.web.ServletTestExecutionListener@1a55fc6a, org.springframework.test.context.support.DirtiesContextBeforeModesTestExecutionListener@22bbec73, org.springframework.boot.test.mock.mockito.MockitoTestExecutionListener@67c790ba, org.springframework.boot.test.autoconfigure.SpringBootDependencyInjectionTestExecutionListener@69dfd828, org.springframework.test.context.support.DirtiesContextTestExecutionListener@5cdcdfd5, org.springframework.test.context.transaction.TransactionalTestExecutionListener@21f97849, org.springframework.test.context.jdbc.SqlScriptsTestExecutionListener@7ae06e8c, org.springframework.security.test.context.support.WithSecurityContextTestExecutionListener@6de9f760, org.springframework.security.test.context.support.ReactorContextTestExecutionListener@5771bf7f, org.springframework.boot.test.autoconfigure.restdocs.RestDocsTestExecutionListener@3d20bee8, org.springframework.boot.test.autoconfigure.web.client.MockRestServiceServerResetTestExecutionListener@444d23ce, org.springframework.boot.test.autoconfigure.web.servlet.MockMvcPrintOnlyOnFailureTestExecutionListener@66bd9ed0, org.springframework.boot.test.autoconfigure.web.servlet.WebDriverTestExecutionListener@3ced5f3f, org.springframework.boot.test.mock.mockito.ResetMocksTestExecutionListener@40261b4]

  .   ____          _            __ _ _
 /\\ / ___'_ __ _ _(_)_ __  __ _ \ \ \ \
( ( )\___ | '_ | '_| | '_ \/ _` | \ \ \ \
 \\/  ___)| |_)| | | | | || (_| |  ) ) ) )
  '  |____| .__|_| |_|_| |_\__, | / / / /
 =========|_|==============|___/=/_/_/_/
 :: Spring Boot ::        (v2.1.7.RELEASE)

2020-09-28 22:52:36.755  INFO 14448 --- [    Test worker] c.m.b.s.web.HelloControllerTest          : Starting HelloControllerTest on LAPTOP-17H7IF96 with PID 14448 (started by kp606 in C:\Users\kp606\IdeaProjects\springboot2-webservice)
2020-09-28 22:52:36.756  INFO 14448 --- [    Test worker] c.m.b.s.web.HelloControllerTest          : No active profile set, falling back to default profiles: default
2020-09-28 22:52:38.021  INFO 14448 --- [    Test worker] o.s.s.concurrent.ThreadPoolTaskExecutor  : Initializing ExecutorService 'applicationTaskExecutor'
2020-09-28 22:52:38.143  INFO 14448 --- [    Test worker] o.s.b.a.w.s.WelcomePageHandlerMapping    : Adding welcome page template: index
2020-09-28 22:52:38.758  INFO 14448 --- [    Test worker] .s.s.UserDetailsServiceAutoConfiguration : 

Using generated security password: 4e1475bf-41be-466e-8ecf-966515633653

2020-09-28 22:52:39.244  INFO 14448 --- [    Test worker] o.s.s.web.DefaultSecurityFilterChain     : Creating filter chain: any request, [org.springframework.security.web.context.request.async.WebAsyncManagerIntegrationFilter@2cdadc68, org.springframework.security.web.context.SecurityContextPersistenceFilter@3bdd8f6c, org.springframework.security.web.header.HeaderWriterFilter@18d2cf9d, org.springframework.security.web.csrf.CsrfFilter@55deb3b7, org.springframework.security.web.authentication.logout.LogoutFilter@6ef9a7b1, org.springframework.security.web.authentication.UsernamePasswordAuthenticationFilter@318ba639, org.springframework.security.web.authentication.ui.DefaultLoginPageGeneratingFilter@33e6b72c, org.springframework.security.web.authentication.ui.DefaultLogoutPageGeneratingFilter@1efc7ab3, org.springframework.security.web.authentication.www.BasicAuthenticationFilter@223942fd, org.springframework.security.web.savedrequest.RequestCacheAwareFilter@9e26335, org.springframework.security.web.servletapi.SecurityContextHolderAwareRequestFilter@7c2fbb3, org.springframework.security.web.authentication.AnonymousAuthenticationFilter@76baed3b, org.springframework.security.web.session.SessionManagementFilter@3831843b, org.springframework.security.web.access.ExceptionTranslationFilter@48bf4644, org.springframework.security.web.access.intercept.FilterSecurityInterceptor@5856932c]
2020-09-28 22:52:39.377  INFO 14448 --- [    Test worker] o.s.b.t.m.w.SpringBootMockServletContext : Initializing Spring TestDispatcherServlet ''
2020-09-28 22:52:39.378  INFO 14448 --- [    Test worker] o.s.t.web.servlet.TestDispatcherServlet  : Initializing Servlet ''
2020-09-28 22:52:39.429  INFO 14448 --- [    Test worker] o.s.t.web.servlet.TestDispatcherServlet  : Completed initialization in 51 ms
2020-09-28 22:52:39.525  INFO 14448 --- [    Test worker] c.m.b.s.web.HelloControllerTest          : Started HelloControllerTest in 2.893 seconds (JVM running for 24.976)
]]></system-out>
  <system-err><![CDATA[]]></system-err>
</testsuite>
